<?xml version="1.0" encoding="UTF-8"?>
<!-- Generated by org.testng.reporters.JUnitXMLReporter -->
<testsuite hostname="DESKTOP-6OGNLB6" ignored="0" name="Test" tests="1" failures="1" timestamp="02 Oct 2018 17:06:05 GMT" time="25.513" errors="0">
  <testcase name="testAddtoCart" time="21.101" classname="com.amazon.app.AmazonTest">
    <failure type="java.lang.AssertionError" message="TestCase failed :Page title mismatch expected [true] but found [false]">
      <![CDATA[java.lang.AssertionError: TestCase failed :Page title mismatch expected [true] but found [false]
at com.amazon.app.AmazonTest.testAddtoCart(AmazonTest.java:57)
... Removed 37 stack frames]]>
    </failure>
  </testcase> <!-- testAddtoCart -->
</testsuite> <!-- Test -->
