<?xml version="1.0" encoding="UTF-8" ?>
<testsuite failures="1" time="21.107" errors="0" skipped="0" tests="1" name="TestSuite">
  <properties>
[...]
</properties>
  <testcase time="21.107" classname="com.amazon.app.AmazonTest" name="testAddtoCart">
    <failure message="TestCase failed :Page title mismatch expected [true] but found [false]" type="java.lang.AssertionError">java.lang.AssertionError: TestCase failed :Page title mismatch expected [true] but found [false]
	at org.testng.Assert.fail(Assert.java:96)
	at org.testng.Assert.failNotEquals(Assert.java:776)
	at org.testng.Assert.assertTrue(Assert.java:44)
	at com.amazon.app.AmazonTest.testAddtoCart(AmazonTest.java:57)
</failure>
    <system-out>*********Enter readFile*********
rowcount3
TC_01|| Add product to cart|| iphone x||  
TC_02|| Add product to cart|| samsung||  
The data is :[iphone x, samsung]
Page title--&gt;Amazon.com: Apple iPhone X, Fully Unlocked 5.8&quot;, 64 GB - Silver (Certified Refurbished): Cell Phones &amp; Accessories
</system-out>
    <system-err>Starting ChromeDriver 2.41.578737 (49da6702b16031c40d63e5618de03a32ff6c197e) on port 37487
Only local connections are allowed.
</system-err>
  </testcase>
</testsuite>