<?xml version="1.0" encoding="UTF-8"?>
<testng-results skipped="0" failed="0" ignored="0" total="1" passed="1">
  <reporter-output>
  </reporter-output>
  <suite name="Suite" duration-ms="48306" started-at="2018-10-03T02:31:24Z" finished-at="2018-10-03T02:32:13Z">
    <groups>
    </groups>
    <test name="Test" duration-ms="48306" started-at="2018-10-03T02:31:24Z" finished-at="2018-10-03T02:32:13Z">
      <class name="com.amazon.app.AmazonTest">
        <test-method status="PASS" signature="setUp()[pri:0, instance:com.amazon.app.AmazonTest@729405ca]" name="setUp" is-config="true" duration-ms="4351" started-at="2018-10-03T02:31:24Z" finished-at="2018-10-03T02:31:29Z">
          <reporter-output>
          </reporter-output>
        </test-method> <!-- setUp -->
        <test-method status="PASS" signature="testAddtoCart()[pri:0, instance:com.amazon.app.AmazonTest@729405ca]" name="testAddtoCart" duration-ms="43938" started-at="2018-10-03T02:31:29Z" finished-at="2018-10-03T02:32:13Z">
          <reporter-output>
          </reporter-output>
        </test-method> <!-- testAddtoCart -->
      </class> <!-- com.amazon.app.AmazonTest -->
    </test> <!-- Test -->
  </suite> <!-- Suite -->
</testng-results>
