<?xml version="1.0" encoding="UTF-8"?>
<testng-results skipped="0" failed="0" ignored="0" total="1" passed="1">
  <reporter-output>
  </reporter-output>
  <suite name="Default suite" duration-ms="41688" started-at="2018-10-04T21:12:46Z" finished-at="2018-10-04T21:13:28Z">
    <groups>
    </groups>
    <test name="Default test" duration-ms="41688" started-at="2018-10-04T21:12:46Z" finished-at="2018-10-04T21:13:28Z">
      <class name="com.amazon.app.AmazonTest">
        <test-method status="PASS" signature="setUp()[pri:0, instance:com.amazon.app.AmazonTest@29d971d9]" name="setUp" is-config="true" duration-ms="4958" started-at="2018-10-04T21:12:46Z" finished-at="2018-10-04T21:12:51Z">
          <reporter-output>
          </reporter-output>
        </test-method> <!-- setUp -->
        <test-method status="PASS" signature="testAddtoCart()[pri:0, instance:com.amazon.app.AmazonTest@29d971d9]" name="testAddtoCart" duration-ms="36702" started-at="2018-10-04T21:12:51Z" finished-at="2018-10-04T21:13:28Z">
          <reporter-output>
          </reporter-output>
        </test-method> <!-- testAddtoCart -->
      </class> <!-- com.amazon.app.AmazonTest -->
    </test> <!-- Default test -->
  </suite> <!-- Default suite -->
</testng-results>
